{
  "RSpec": {
    "coverage": {
      "/Users/danischoolcomputer/turing/Mod3_2/projects/rails-engine/rails-engine/app/models/customer.rb": {
        "lines": [
          1,
          1,
          1,
          null
        ]
      },
      "/Users/danischoolcomputer/turing/Mod3_2/projects/rails-engine/rails-engine/app/models/application_record.rb": {
        "lines": [
          1,
          1,
          null
        ]
      },
      "/Users/danischoolcomputer/turing/Mod3_2/projects/rails-engine/rails-engine/spec/models/invoice_item_spec.rb": {
        "lines": [
          1,
          null,
          1,
          1,
          2,
          2,
          null,
          null,
          1,
          2,
          2,
          null,
          null
        ]
      },
      "/Users/danischoolcomputer/turing/Mod3_2/projects/rails-engine/rails-engine/app/models/invoice_item.rb": {
        "lines": [
          1,
          1,
          1,
          null,
          1,
          1,
          null
        ]
      },
      "/Users/danischoolcomputer/turing/Mod3_2/projects/rails-engine/rails-engine/spec/models/invoice_spec.rb": {
        "lines": [
          1,
          null,
          1,
          1,
          2,
          2,
          2,
          2,
          2,
          null,
          null,
          1,
          2,
          null,
          null
        ]
      },
      "/Users/danischoolcomputer/turing/Mod3_2/projects/rails-engine/rails-engine/app/models/invoice.rb": {
        "lines": [
          1,
          1,
          null,
          1,
          1,
          null,
          1,
          1,
          1,
          null
        ]
      },
      "/Users/danischoolcomputer/turing/Mod3_2/projects/rails-engine/rails-engine/spec/models/item_spec.rb": {
        "lines": [
          1,
          null,
          1,
          1,
          2,
          2,
          2,
          2,
          null,
          null,
          1,
          2,
          2,
          2,
          null,
          null
        ]
      },
      "/Users/danischoolcomputer/turing/Mod3_2/projects/rails-engine/rails-engine/app/models/item.rb": {
        "lines": [
          1,
          1,
          1,
          1,
          1,
          null,
          1,
          1,
          1,
          null
        ]
      },
      "/Users/danischoolcomputer/turing/Mod3_2/projects/rails-engine/rails-engine/spec/models/merchant_spec.rb": {
        "lines": [
          1,
          null,
          1,
          1,
          2,
          2,
          2,
          2,
          2,
          null,
          null,
          1,
          2,
          null,
          null
        ]
      },
      "/Users/danischoolcomputer/turing/Mod3_2/projects/rails-engine/rails-engine/app/models/merchant.rb": {
        "lines": [
          1,
          1,
          1,
          1,
          1,
          1,
          null,
          1,
          null
        ]
      },
      "/Users/danischoolcomputer/turing/Mod3_2/projects/rails-engine/rails-engine/spec/models/transaction_spec.rb": {
        "lines": [
          1,
          null,
          1,
          1,
          2,
          null,
          null,
          1,
          2,
          null,
          2,
          null,
          null
        ]
      },
      "/Users/danischoolcomputer/turing/Mod3_2/projects/rails-engine/rails-engine/app/models/transaction.rb": {
        "lines": [
          1,
          1,
          null,
          1,
          1,
          null
        ]
      },
      "/Users/danischoolcomputer/turing/Mod3_2/projects/rails-engine/rails-engine/spec/requests/api/v1/items/items_request_spec.rb": {
        "lines": [
          null,
          null,
          null,
          null,
          null,
          null,
          null,
          null
        ]
      }
    },
    "timestamp": 1607720703
  }
}
